
The following have been reloaded with a version change:
  1) compiler/GCCcore/10.3.0 => compiler/GCCcore/6.3.0
  2) lang/Java/11.0.2 => lang/Java/1.8.0_191
  3) numlib/beagle-lib/3.1.2-GCC-10.3.0 => numlib/beagle-lib/3.0.2-intel-2018.5.274
  4) tools/binutils/2.36.1-GCCcore-10.3.0 => tools/binutils/2.26-GCCcore-6.3.0

File: beast_aphantophryne.xml seed: 1690324868033 threads: 1
Loading package ORC v1.1.1 Recombination v1.0.0 BEASTLabs v2.0.0 BDSKY v1.5.0 SSM v1.2.0 FastRelaxedClockLogNormal v1.2.0 BEAST.app v2.7.3 BEAST.base v2.7.3    
  Ignoring ambiguities in tree likelihood.
  Ignoring character uncertainty in tree likelihood.
  With 186 unique site patterns.
  Using rescaling scheme : dynamic
  Ignoring ambiguities in tree likelihood.
  Ignoring character uncertainty in tree likelihood.
  With 236 unique site patterns.
  Using rescaling scheme : dynamic
  Ignoring ambiguities in tree likelihood.
  Ignoring character uncertainty in tree likelihood.
  With 124 unique site patterns.
  Using rescaling scheme : dynamic
  Ignoring ambiguities in tree likelihood.
  Ignoring character uncertainty in tree likelihood.
  With 151 unique site patterns.
  Using rescaling scheme : dynamic
  Ignoring ambiguities in tree likelihood.
  Ignoring character uncertainty in tree likelihood.
  With 249 unique site patterns.
  Using rescaling scheme : dynamic
  Ignoring ambiguities in tree likelihood.
  Ignoring character uncertainty in tree likelihood.
  With 199 unique site patterns.
  Using rescaling scheme : dynamic
  Ignoring ambiguities in tree likelihood.
  Ignoring character uncertainty in tree likelihood.
  With 170 unique site patterns.
  Using rescaling scheme : dynamic
  Ignoring ambiguities in tree likelihood.
  Ignoring character uncertainty in tree likelihood.
  With 162 unique site patterns.
  Using rescaling scheme : dynamic
Warning: removing transform class beast.base.inference.operator.kernel.Transform$LogConstrainedSumTransform because it should have at least 2 dimensions but it has 0
Warning: removing transform class beast.base.inference.operator.kernel.Transform$LogConstrainedSumTransform because it should have at least 2 dimensions but it has 0
Warning: removing transform class beast.base.inference.operator.kernel.Transform$LogConstrainedSumTransform because it should have at least 2 dimensions but it has 0
Warning: removing transform class beast.base.inference.operator.kernel.Transform$LogConstrainedSumTransform because it should have at least 2 dimensions but it has 0
Warning: removing transform class beast.base.inference.operator.kernel.Transform$LogConstrainedSumTransform because it should have at least 2 dimensions but it has 0
Warning: removing transform class beast.base.inference.operator.kernel.Transform$LogConstrainedSumTransform because it should have at least 2 dimensions but it has 0
Warning: removing transform class beast.base.inference.operator.kernel.Transform$LogConstrainedSumTransform because it should have at least 2 dimensions but it has 0
Warning: removing transform class beast.base.inference.operator.kernel.Transform$LogConstrainedSumTransform because it should have at least 2 dimensions but it has 0
Operator                                                                                                              Tuning    #accept    #reject      Pr(m)  Pr(acc|m)
beast.base.inference.operator.DeltaExchangeOperator(K80RateDeltaExchanger.s:sia_pos1_sia_pos2_bdnf_pos3_nxc_pos2)    0.39831      19863      63847    0.00084    0.23728 
AdaptableOperatorSampler(gammaShapeScaler.s:sia_pos1_sia_pos2_bdnf_pos3_nxc_pos2)                                          -       5965      35737    0.00042    0.14304 
AdaptableOperatorSampler(gammaShapeScaler.s:sia_pos3_bdnf_pos1)                                                            -       4891      36669    0.00042    0.11769 
AdaptableOperatorSampler(KappaScaler.s:sia_pos3_bdnf_pos1)                                                                 -      12229      29295    0.00042    0.29450 
AdaptableOperatorSampler(RateACScaler.s:bdnf_pos2_nxc_pos1)                                                                -      12556      29008    0.00042    0.30209 
AdaptableOperatorSampler(RateAGScaler.s:bdnf_pos2_nxc_pos1)                                                                -      11780      30162    0.00042    0.28086 
AdaptableOperatorSampler(RateATScaler.s:bdnf_pos2_nxc_pos1)                                                                -      12003      29846    0.00042    0.28682 
AdaptableOperatorSampler(RateCGScaler.s:bdnf_pos2_nxc_pos1)                                                                -      12104      29066    0.00042    0.29400 
AdaptableOperatorSampler(RateGTScaler.s:bdnf_pos2_nxc_pos1)                                                                -      12389      29500    0.00042    0.29576 
AdaptableOperatorSampler(gammaShapeScaler.s:bdnf_pos2_nxc_pos1)                                                            -       8208      33685    0.00042    0.19593 
AdaptableOperatorSampler(kappa1Scaler.s:nxc_pos3)                                                                          -      11820      30100    0.00042    0.28197 
AdaptableOperatorSampler(kappa2Scaler.s:nxc_pos3)                                                                          -      11797      30137    0.00042    0.28132 
AdaptableOperatorSampler(gammaShapeScaler.s:nxc_pos3)                                                                      -       7986      33550    0.00042    0.19227 
AdaptableOperatorSampler(gammaShapeScaler.s:cyb_pos1_nd4_pos1)                                                             -       7789      34161    0.00042    0.18567 
AdaptableOperatorSampler(RateACScaler.s:cyb_pos1_nd4_pos1)                                                                 -       9728      32089    0.00042    0.23263 
AdaptableOperatorSampler(RateAGScaler.s:cyb_pos1_nd4_pos1)                                                                 -       9122      32785    0.00042    0.21767 
AdaptableOperatorSampler(RateATScaler.s:cyb_pos1_nd4_pos1)                                                                 -      11142      30626    0.00042    0.26676 
AdaptableOperatorSampler(RateCGScaler.s:cyb_pos1_nd4_pos1)                                                                 -      11115      30600    0.00042    0.26645 
AdaptableOperatorSampler(RateGTScaler.s:cyb_pos1_nd4_pos1)                                                                 -      11720      29942    0.00042    0.28131 
AdaptableOperatorSampler(gammaShapeScaler.s:cyb_pos2_nd4_pos2)                                                             -       7196      34567    0.00042    0.17231 
AdaptableOperatorSampler(RateACScaler.s:cyb_pos2_nd4_pos2)                                                                 -      12148      29468    0.00042    0.29191 
AdaptableOperatorSampler(RateAGScaler.s:cyb_pos2_nd4_pos2)                                                                 -      11799      30196    0.00042    0.28096 
AdaptableOperatorSampler(RateATScaler.s:cyb_pos2_nd4_pos2)                                                                 -      11241      30544    0.00042    0.26902 
AdaptableOperatorSampler(RateCGScaler.s:cyb_pos2_nd4_pos2)                                                                 -      11428      30408    0.00042    0.27316 
AdaptableOperatorSampler(RateGTScaler.s:cyb_pos2_nd4_pos2)                                                                 -      12099      29855    0.00042    0.28839 
beast.base.inference.operator.DeltaExchangeOperator(TIM2ufRateDeltaExchanger.s:cyb_pos3)                             0.17180      10661      73146    0.00084    0.12721 
beast.base.inference.operator.DeltaExchangeOperator(TIM2ufFrequenciesExchanger.s:cyb_pos3)                           0.02272      19717      63499    0.00084    0.23694 
AdaptableOperatorSampler(gammaShapeScaler.s:cyb_pos3)                                                                      -      11600      29625    0.00042    0.28138 
AdaptableOperatorSampler(kappa1Scaler.s:nd4_pos3)                                                                          -      11023      31067    0.00042    0.26189 
AdaptableOperatorSampler(kappa2Scaler.s:nd4_pos3)                                                                          -       9897      31880    0.00042    0.23690 
AdaptableOperatorSampler(gammaShapeScaler.s:nd4_pos3)                                                                      -      11751      30113    0.00042    0.28069 
ScaleOperator(ucldStdevScaler.c:BD)                                                                                  0.81650     403245    2102686    0.02506    0.16092 
beast.base.inference.operator.IntRandomWalkOperator(CategoriesRandomWalk.c:BD)                                             -    5498974    2854361    0.08354    0.65830 
beast.base.inference.operator.SwapOperator(CategoriesSwapOperator.c:BD)                                                    -    2689510    5665983    0.08354    0.32189 
beast.base.inference.operator.UniformOperator(CategoriesUniform.c:BD)                                                      -    3805658    4543811    0.08354    0.45580 
EpochFlexOperator(BirthDeathBICEPSEpochTop.t:merge)                                                                  0.05860     629825    1043253    0.01671    0.37645 
EpochFlexOperator(BirthDeathBICEPSEpochAll.t:merge)                                                                  0.05923     621430    1051774    0.01671    0.37140 
TreeStretchOperator(BirthDeathBICEPSTreeFlex.t:merge)                                                                0.02363     671285     998743    0.01671    0.40196 Try setting scale factor to about 0.024
kernel.BactrianScaleOperator(BirthDeathTreeRootScaler.t:merge)                                                       0.08298     719465    1785721    0.02506    0.28719 
kernel.BactrianNodeOperator(BirthDeathUniformOperator.t:merge)                                                       0.95473    7603407   17458431    0.25063    0.30339 
kernel.BactrianSubtreeSlide(BirthDeathSubtreeSlide.t:merge)                                                          0.91108    2452616   10082266    0.12531    0.19566 
Exchange(BirthDeathNarrow.t:merge)                                                                                         -     781724   11752799    0.12531    0.06237 
Exchange(BirthDeathWide.t:merge)                                                                                           -        518    2504538    0.02506    0.00021 
WilsonBalding(BirthDeathWilsonBalding.t:merge)                                                                             -       2056    2503403    0.02506    0.00082 
kernel.BactrianScaleOperator(BirthRateScaler.t:merge)                                                                0.15399     733375    1772198    0.02506    0.29270 
kernel.BactrianScaleOperator(DeathRateScaler.t:merge)                                                                2.28143     667682    1836007    0.02506    0.26668 
ScaleOperator(ucldMeanScaler.c:BD)                                                                                   0.86858     135280     701227    0.00835    0.16172 
beast.base.inference.operator.UpDownOperator(relaxedUpDownOperator.c:BD)                                             0.83923     576971    1929839    0.02506    0.23016 

     Tuning: The value of the operator's tuning parameter, or '-' if the operator can't be optimized.
    #accept: The total number of times a proposal by this operator has been accepted.
    #reject: The total number of times a proposal by this operator has been rejected.
      Pr(m): The probability this operator is chosen in a step of the MCMC (i.e. the normalized weight).
  Pr(acc|m): The acceptance probability (#accept as a fraction of the total proposals for this operator).

