File: aphantophryne.xml seed: 1691357600343 threads: 1
Loading package FastRelaxedClockLogNormal v1.2.0 contacTrees v1.2.0 snapper v1.1.3 PoMo v1.1.1 EpiInf v8.0.0 MASTER v7.0.0 lphybeast v1.0.2 SSM v1.2.0 STACEY v1.3.1 MM v1.2.1 SNAPP v1.6.1 MODEL_SELECTION v1.6.1 BDSKY v1.5.0 ORC v1.1.2 BICEPS v1.1.1 BEASTLabs v2.0.1 SCOTTI v3.0.0 BEAST.base v2.7.5 phylodynamics v1.4.0 Babel v0.4.2 BDMM v2.0.0 starbeast3 v1.1.7 BEASTvntr v0.2.0 phylonco v1.0.1 BADTRIP v2.0.0 timtam v0.4.0 PIQMEE v1.1.0 bacter v3.0.1 speedemon v1.1.0 Recombination v1.0.1 BREAK_AWAY v1.2.0 GEO_SPHERE v1.4.1 bModelTest v1.3.3 BEAST.app v2.7.5 ClaDS v2.0.3 DENIM v1.1.1 Mascot v3.0.0 feast v9.4.0 BEAST_CLASSIC v1.6.2 CA v2.1.0 CodonSubstModels v2.0.0 NS v1.2.1 MSBD v2.0.2 PhyDyn v1.4.0 CoupledMCMC v1.2.1 MGSM v0.4.0 BASTA v4.0.0 OBAMA v1.1.1 CoalRe v1.0.3 SA v2.1.1 bdtree v0.0.1 contraband v1.0.1 TreeStat2 v0.1.1 starbeast2 v1.0.0 LPhyBeastExt v0.2.1 MultiTypeTree v8.0.0 SpeciesNetwork v1.0.0    
  Ignoring ambiguities in tree likelihood.
  Ignoring character uncertainty in tree likelihood.
  With 231 unique site patterns.
  Using rescaling scheme : dynamic
  Ignoring ambiguities in tree likelihood.
  Ignoring character uncertainty in tree likelihood.
  With 115 unique site patterns.
  Using rescaling scheme : dynamic
  Ignoring ambiguities in tree likelihood.
  Ignoring character uncertainty in tree likelihood.
  With 272 unique site patterns.
  Using rescaling scheme : dynamic
  Ignoring ambiguities in tree likelihood.
  Ignoring character uncertainty in tree likelihood.
  With 59 unique site patterns.
  Using rescaling scheme : dynamic
  Ignoring ambiguities in tree likelihood.
  Ignoring character uncertainty in tree likelihood.
  With 249 unique site patterns.
  Using rescaling scheme : dynamic
  Ignoring ambiguities in tree likelihood.
  Ignoring character uncertainty in tree likelihood.
  With 199 unique site patterns.
  Using rescaling scheme : dynamic
  Ignoring ambiguities in tree likelihood.
  Ignoring character uncertainty in tree likelihood.
  With 170 unique site patterns.
  Using rescaling scheme : dynamic
  Ignoring ambiguities in tree likelihood.
  Ignoring character uncertainty in tree likelihood.
  With 162 unique site patterns.
  Using rescaling scheme : dynamic
Warning: removing transform class beast.base.inference.operator.kernel.Transform$LogConstrainedSumTransform because it should have at least 2 dimensions but it has 0
Warning: removing transform class beast.base.inference.operator.kernel.Transform$LogConstrainedSumTransform because it should have at least 2 dimensions but it has 0
Warning: removing transform class beast.base.inference.operator.kernel.Transform$LogConstrainedSumTransform because it should have at least 2 dimensions but it has 0
Warning: removing transform class beast.base.inference.operator.kernel.Transform$LogConstrainedSumTransform because it should have at least 2 dimensions but it has 0
Warning: removing transform class beast.base.inference.operator.kernel.Transform$LogConstrainedSumTransform because it should have at least 2 dimensions but it has 0
Warning: removing transform class beast.base.inference.operator.kernel.Transform$LogConstrainedSumTransform because it should have at least 2 dimensions but it has 0
Warning: removing transform class beast.base.inference.operator.kernel.Transform$LogConstrainedSumTransform because it should have at least 2 dimensions but it has 0
Warning: removing transform class beast.base.inference.operator.kernel.Transform$LogConstrainedSumTransform because it should have at least 2 dimensions but it has 0
Operator                                                                                                                          Tuning    #accept    #reject      Pr(m)  Pr(acc|m)
beast.base.inference.operator.DeltaExchangeOperator(TVMefRateDeltaExchanger.s:sia_pos1_sia_pos2_bdnf_pos2_bdnf_pos3_nxc_pos1)    0.68072      14665      68877    0.00084    0.17554 
AdaptableOperatorSampler(gammaShapeScaler.s:sia_pos1_sia_pos2_bdnf_pos2_bdnf_pos3_nxc_pos1)                                            -       3700      38326    0.00042    0.08804 
AdaptableOperatorSampler(kappa1Scaler.s:sia_pos3)                                                                                      -      12028      29545    0.00042    0.28932 
AdaptableOperatorSampler(kappa2Scaler.s:sia_pos3)                                                                                      -      11476      30256    0.00042    0.27499 
AdaptableOperatorSampler(gammaShapeScaler.s:sia_pos3)                                                                                  -      10893      31021    0.00042    0.25989 
AdaptableOperatorSampler(kappa1Scaler.s:bdnf_pos1_nxc_pos3)                                                                            -      11826      29506    0.00042    0.28612 
AdaptableOperatorSampler(kappa2Scaler.s:bdnf_pos1_nxc_pos3)                                                                            -      12464      29464    0.00042    0.29727 
AdaptableOperatorSampler(gammaShapeScaler.s:bdnf_pos1_nxc_pos3)                                                                        -      10766      31151    0.00042    0.25684 
AdaptableOperatorSampler(RateACScaler.s:nxc_pos2)                                                                                      -      12624      29464    0.00042    0.29994 
AdaptableOperatorSampler(RateAGScaler.s:nxc_pos2)                                                                                      -      12105      29707    0.00042    0.28951 
AdaptableOperatorSampler(RateATScaler.s:nxc_pos2)                                                                                      -      12273      29788    0.00042    0.29179 
AdaptableOperatorSampler(RateCGScaler.s:nxc_pos2)                                                                                      -      11848      29740    0.00042    0.28489 
AdaptableOperatorSampler(RateGTScaler.s:nxc_pos2)                                                                                      -      22419      19302    0.00042    0.53736 
AdaptableOperatorSampler(gammaShapeScaler.s:nxc_pos2)                                                                                  -       1309      40710    0.00042    0.03115 
AdaptableOperatorSampler(RateACScaler.s:cyb_pos1_nd4_pos1)                                                                             -      10351      31117    0.00042    0.24961 
AdaptableOperatorSampler(RateAGScaler.s:cyb_pos1_nd4_pos1)                                                                             -       9764      32410    0.00042    0.23152 
AdaptableOperatorSampler(RateATScaler.s:cyb_pos1_nd4_pos1)                                                                             -      10716      30563    0.00042    0.25960 
AdaptableOperatorSampler(RateCGScaler.s:cyb_pos1_nd4_pos1)                                                                             -      11429      30568    0.00042    0.27214 
AdaptableOperatorSampler(RateGTScaler.s:cyb_pos1_nd4_pos1)                                                                             -      10099      31929    0.00042    0.24029 
AdaptableOperatorSampler(RateACScaler.s:cyb_pos2_nd4_pos2)                                                                             -      11383      30438    0.00042    0.27218 
AdaptableOperatorSampler(RateAGScaler.s:cyb_pos2_nd4_pos2)                                                                             -      11753      30166    0.00042    0.28037 
AdaptableOperatorSampler(RateATScaler.s:cyb_pos2_nd4_pos2)                                                                             -      11456      30664    0.00042    0.27198 
AdaptableOperatorSampler(RateCGScaler.s:cyb_pos2_nd4_pos2)                                                                             -      12075      29755    0.00042    0.28867 
AdaptableOperatorSampler(RateGTScaler.s:cyb_pos2_nd4_pos2)                                                                             -      12380      29108    0.00042    0.29840 
AdaptableOperatorSampler(gammaShapeScaler.s:cyb_pos2_nd4_pos2)                                                                         -      10220      31483    0.00042    0.24507 
beast.base.inference.operator.DeltaExchangeOperator(TIM2ufRateDeltaExchanger.s:cyb_pos3)                                         0.13264      10118      73158    0.00084    0.12150 
beast.base.inference.operator.DeltaExchangeOperator(TIM2ufFrequenciesExchanger.s:cyb_pos3)                                       0.02296      17624      65860    0.00084    0.21111 
AdaptableOperatorSampler(gammaShapeScaler.s:cyb_pos3)                                                                                  -      10639      31190    0.00042    0.25435 
AdaptableOperatorSampler(kappa1Scaler.s:nd4_pos3)                                                                                      -      10345      31534    0.00042    0.24702 
AdaptableOperatorSampler(kappa2Scaler.s:nd4_pos3)                                                                                      -       9410      32064    0.00042    0.22689 
AdaptableOperatorSampler(gammaShapeScaler.s:nd4_pos3)                                                                                  -      10885      30635    0.00042    0.26216 
ScaleOperator(ucldStdevScaler.c:BD)                                                                                              0.83334     483643    2024136    0.02506    0.19286 
beast.base.inference.operator.IntRandomWalkOperator(CategoriesRandomWalk.c:BD)                                                         -    5499696    2856951    0.08354    0.65812 
beast.base.inference.operator.SwapOperator(CategoriesSwapOperator.c:BD)                                                                -    2827939    5525061    0.08354    0.33855 
beast.base.inference.operator.UniformOperator(CategoriesUniform.c:BD)                                                                  -    3941468    4409533    0.08354    0.47198 
EpochFlexOperator(BirthDeathBICEPSEpochTop.t:ML)                                                                                 0.05158     619358    1050906    0.01671    0.37081 
EpochFlexOperator(BirthDeathBICEPSEpochAll.t:ML)                                                                                 0.05154     622670    1049470    0.01671    0.37238 
TreeStretchOperator(BirthDeathBICEPSTreeFlex.t:ML)                                                                               0.01609     671244     997520    0.01671    0.40224 Try setting scale factor to about 0.016
kernel.BactrianScaleOperator(BirthDeathTreeRootScaler.t:ML)                                                                      0.07760     671453    1835236    0.02506    0.26786 
kernel.BactrianNodeOperator(BirthDeathUniformOperator.t:ML)                                                                      0.92053    7621974   17440771    0.25063    0.30412 
kernel.BactrianSubtreeSlide(BirthDeathSubtreeSlide.t:ML)                                                                         0.79931    2939241    9588242    0.12531    0.23462 
Exchange(BirthDeathNarrow.t:ML)                                                                                                        -     758247   11773371    0.12531    0.06051 
Exchange(BirthDeathWide.t:ML)                                                                                                          -        507    2506377    0.02506    0.00020 
WilsonBalding(BirthDeathWilsonBalding.t:ML)                                                                                            -       1912    2506257    0.02506    0.00076 
kernel.BactrianScaleOperator(BirthRateScaler.t:ML)                                                                               0.15434     734616    1771988    0.02506    0.29307 
kernel.BactrianScaleOperator(DeathRateScaler.t:ML)                                                                               2.35145     661006    1846872    0.02506    0.26357 
ScaleOperator(ucldMeanScaler.c:BD)                                                                                               0.90250     112172     724599    0.00835    0.13405 
beast.base.inference.operator.UpDownOperator(relaxedUpDownOperator.c:BD)                                                         0.83705     561051    1943972    0.02506    0.22397 

     Tuning: The value of the operator's tuning parameter, or '-' if the operator can't be optimized.
    #accept: The total number of times a proposal by this operator has been accepted.
    #reject: The total number of times a proposal by this operator has been rejected.
      Pr(m): The probability this operator is chosen in a step of the MCMC (i.e. the normalized weight).
  Pr(acc|m): The acceptance probability (#accept as a fraction of the total proposals for this operator).

End likelihood: -86210.13517453293
