File: oreophryne_senkenbergiana.xml seed: 1691458332270 threads: 1
Loading package FastRelaxedClockLogNormal v1.2.0 contacTrees v1.2.0 snapper v1.1.3 PoMo v1.1.1 EpiInf v8.0.0 MASTER v7.0.0 lphybeast v1.0.2 SSM v1.2.0 STACEY v1.3.1 MM v1.2.1 SNAPP v1.6.1 MODEL_SELECTION v1.6.1 BDSKY v1.5.0 ORC v1.1.2 BICEPS v1.1.1 BEASTLabs v2.0.1 SCOTTI v3.0.0 BEAST.base v2.7.5 phylodynamics v1.4.0 Babel v0.4.2 BDMM v2.0.0 starbeast3 v1.1.7 BEASTvntr v0.2.0 phylonco v1.0.1 BADTRIP v2.0.0 timtam v0.4.0 PIQMEE v1.1.0 bacter v3.0.1 speedemon v1.1.0 Recombination v1.0.1 BREAK_AWAY v1.2.0 GEO_SPHERE v1.4.1 bModelTest v1.3.3 BEAST.app v2.7.5 ClaDS v2.0.3 DENIM v1.1.1 Mascot v3.0.0 feast v9.4.0 BEAST_CLASSIC v1.6.2 CA v2.1.0 CodonSubstModels v2.0.0 NS v1.2.1 MSBD v2.0.2 PhyDyn v1.4.0 CoupledMCMC v1.2.1 MGSM v0.4.0 BASTA v4.0.0 OBAMA v1.1.1 CoalRe v1.0.3 SA v2.1.1 bdtree v0.0.1 contraband v1.0.1 TreeStat2 v0.1.1 starbeast2 v1.0.0 LPhyBeastExt v0.2.1 MultiTypeTree v8.0.0 SpeciesNetwork v1.0.0    
  Ignoring ambiguities in tree likelihood.
  Ignoring character uncertainty in tree likelihood.
  With 227 unique site patterns.
  Using rescaling scheme : dynamic
  Ignoring ambiguities in tree likelihood.
  Ignoring character uncertainty in tree likelihood.
  With 115 unique site patterns.
  Using rescaling scheme : dynamic
  Ignoring ambiguities in tree likelihood.
  Ignoring character uncertainty in tree likelihood.
  With 271 unique site patterns.
  Using rescaling scheme : dynamic
  Ignoring ambiguities in tree likelihood.
  Ignoring character uncertainty in tree likelihood.
  With 58 unique site patterns.
  Using rescaling scheme : dynamic
  Ignoring ambiguities in tree likelihood.
  Ignoring character uncertainty in tree likelihood.
  With 249 unique site patterns.
  Using rescaling scheme : dynamic
  Ignoring ambiguities in tree likelihood.
  Ignoring character uncertainty in tree likelihood.
  With 199 unique site patterns.
  Using rescaling scheme : dynamic
  Ignoring ambiguities in tree likelihood.
  Ignoring character uncertainty in tree likelihood.
  With 170 unique site patterns.
  Using rescaling scheme : dynamic
  Ignoring ambiguities in tree likelihood.
  Ignoring character uncertainty in tree likelihood.
  With 162 unique site patterns.
  Using rescaling scheme : dynamic
Warning: removing transform class beast.base.inference.operator.kernel.Transform$LogConstrainedSumTransform because it should have at least 2 dimensions but it has 0
Warning: removing transform class beast.base.inference.operator.kernel.Transform$LogConstrainedSumTransform because it should have at least 2 dimensions but it has 0
Warning: removing transform class beast.base.inference.operator.kernel.Transform$LogConstrainedSumTransform because it should have at least 2 dimensions but it has 0
Warning: removing transform class beast.base.inference.operator.kernel.Transform$LogConstrainedSumTransform because it should have at least 2 dimensions but it has 0
Warning: removing transform class beast.base.inference.operator.kernel.Transform$LogConstrainedSumTransform because it should have at least 2 dimensions but it has 0
Warning: removing transform class beast.base.inference.operator.kernel.Transform$LogConstrainedSumTransform because it should have at least 2 dimensions but it has 0
Warning: removing transform class beast.base.inference.operator.kernel.Transform$LogConstrainedSumTransform because it should have at least 2 dimensions but it has 0
Warning: removing transform class beast.base.inference.operator.kernel.Transform$LogConstrainedSumTransform because it should have at least 2 dimensions but it has 0
Operator                                                                                                                          Tuning    #accept    #reject      Pr(m)  Pr(acc|m)
ScaleOperator(ucldStdevScaler.c:BD)                                                                                              0.82419     485064    2269872    0.02505    0.17607 
beast.base.inference.operator.IntRandomWalkOperator(CategoriesRandomWalk.c:BD)                                                         -    6042548    3142758    0.08351    0.65785 
beast.base.inference.operator.SwapOperator(CategoriesSwapOperator.c:BD)                                                                -    2989517    6198211    0.08351    0.32538 
beast.base.inference.operator.UniformOperator(CategoriesUniform.c:BD)                                                                  -    4214541    4977519    0.08351    0.45850 
EpochFlexOperator(BirthDeathBICEPSEpochTop.t:senkenbergiana)                                                                     0.06016     666859    1172046    0.01670    0.36264 
EpochFlexOperator(BirthDeathBICEPSEpochAll.t:senkenbergiana)                                                                     0.05939     676702    1160486    0.01670    0.36834 
TreeStretchOperator(BirthDeathBICEPSTreeFlex.t:senkenbergiana)                                                                   0.02339     736321    1099480    0.01670    0.40109 Try setting scale factor to about 0.023
kernel.BactrianScaleOperator(BirthDeathTreeRootScaler.t:senkenbergiana)                                                          0.08310     820037    1935219    0.02505    0.29763 
kernel.BactrianNodeOperator(BirthDeathUniformOperator.t:senkenbergiana)                                                          0.94992    8349371   19203298    0.25052    0.30303 
kernel.BactrianSubtreeSlide(BirthDeathSubtreeSlide.t:senkenbergiana)                                                             0.81763    2939489   10839740    0.12526    0.21333 
Exchange(BirthDeathNarrow.t:senkenbergiana)                                                                                            -     939304   12838753    0.12526    0.06817 
Exchange(BirthDeathWide.t:senkenbergiana)                                                                                              -        582    2753987    0.02505    0.00021 
WilsonBalding(BirthDeathWilsonBalding.t:senkenbergiana)                                                                                -       1910    2756182    0.02505    0.00069 
kernel.BactrianScaleOperator(BirthRateScaler.t:senkenbergiana)                                                                   0.15628     807242    1944697    0.02505    0.29334 
kernel.BactrianScaleOperator(DeathRateScaler.t:senkenbergiana)                                                                   2.32736     733835    2019195    0.02505    0.26656 
beast.base.inference.operator.DeltaExchangeOperator(TVMefRateDeltaExchanger.s:sia_pos1_sia_pos2_bdnf_pos2_bdnf_pos3_nxc_pos1)    0.59032      19313      72668    0.00084    0.20997 
AdaptableOperatorSampler(gammaShapeScaler.s:sia_pos1_sia_pos2_bdnf_pos2_bdnf_pos3_nxc_pos1)                                            -       3179      42461    0.00042    0.06965 
AdaptableOperatorSampler(kappa1Scaler.s:sia_pos3)                                                                                      -      12029      34048    0.00042    0.26106 
AdaptableOperatorSampler(kappa2Scaler.s:sia_pos3)                                                                                      -      12102      33536    0.00042    0.26517 
AdaptableOperatorSampler(gammaShapeScaler.s:sia_pos3)                                                                                  -      10560      35225    0.00042    0.23064 
AdaptableOperatorSampler(gammaShapeScaler.s:bdnf_pos1_nxc_pos3)                                                                        -       8330      37522    0.00042    0.18167 
AdaptableOperatorSampler(kappa1Scaler.s:bdnf_pos1_nxc_pos3)                                                                            -      12529      33637    0.00042    0.27139 
AdaptableOperatorSampler(kappa2Scaler.s:bdnf_pos1_nxc_pos3)                                                                            -      12040      33998    0.00042    0.26152 
AdaptableOperatorSampler(RateACScaler.s:nxc_pos2)                                                                                      -      13031      33077    0.00042    0.28262 
AdaptableOperatorSampler(RateAGScaler.s:nxc_pos2)                                                                                      -      11863      33643    0.00042    0.26069 
AdaptableOperatorSampler(RateATScaler.s:nxc_pos2)                                                                                      -      13736      32416    0.00042    0.29763 
AdaptableOperatorSampler(RateCGScaler.s:nxc_pos2)                                                                                      -      12711      33015    0.00042    0.27798 
AdaptableOperatorSampler(RateGTScaler.s:nxc_pos2)                                                                                      -      26843      19473    0.00042    0.57956 
AdaptableOperatorSampler(gammaShapeScaler.s:nxc_pos2)                                                                                  -        533      45759    0.00042    0.01151 
AdaptableOperatorSampler(RateACScaler.s:cyb_pos1_nd4_pos1)                                                                             -      11228      34835    0.00042    0.24375 
AdaptableOperatorSampler(RateAGScaler.s:cyb_pos1_nd4_pos1)                                                                             -      11097      35030    0.00042    0.24057 
AdaptableOperatorSampler(RateATScaler.s:cyb_pos1_nd4_pos1)                                                                             -      11921      34191    0.00042    0.25852 
AdaptableOperatorSampler(RateCGScaler.s:cyb_pos1_nd4_pos1)                                                                             -      13162      32952    0.00042    0.28542 
AdaptableOperatorSampler(RateGTScaler.s:cyb_pos1_nd4_pos1)                                                                             -      12630      33354    0.00042    0.27466 
AdaptableOperatorSampler(gammaShapeScaler.s:cyb_pos1_nd4_pos1)                                                                         -      11317      34798    0.00042    0.24541 
AdaptableOperatorSampler(RateACScaler.s:cyb_pos2_nd4_pos2)                                                                             -      13593      32175    0.00042    0.29700 
AdaptableOperatorSampler(RateAGScaler.s:cyb_pos2_nd4_pos2)                                                                             -      14133      31794    0.00042    0.30773 
AdaptableOperatorSampler(RateATScaler.s:cyb_pos2_nd4_pos2)                                                                             -      13413      32226    0.00042    0.29389 
AdaptableOperatorSampler(RateCGScaler.s:cyb_pos2_nd4_pos2)                                                                             -      13100      32693    0.00042    0.28607 
AdaptableOperatorSampler(RateGTScaler.s:cyb_pos2_nd4_pos2)                                                                             -      13887      32143    0.00042    0.30169 
AdaptableOperatorSampler(gammaShapeScaler.s:cyb_pos2_nd4_pos2)                                                                         -      10717      35235    0.00042    0.23322 
beast.base.inference.operator.DeltaExchangeOperator(TIM2ufRateDeltaExchanger.s:cyb_pos3)                                         0.14962      14581      77425    0.00084    0.15848 
beast.base.inference.operator.DeltaExchangeOperator(TIM2ufFrequenciesExchanger.s:cyb_pos3)                                       0.02532      19809      71855    0.00084    0.21610 
AdaptableOperatorSampler(gammaShapeScaler.s:cyb_pos3)                                                                                  -      11424      34779    0.00042    0.24726 
AdaptableOperatorSampler(kappa1Scaler.s:nd4_pos3)                                                                                      -       8847      37156    0.00042    0.19231 
AdaptableOperatorSampler(kappa2Scaler.s:nd4_pos3)                                                                                      -      10972      35136    0.00042    0.23796 
AdaptableOperatorSampler(gammaShapeScaler.s:nd4_pos3)                                                                                  -      13500      32994    0.00042    0.29036 
ScaleOperator(ucldMeanScaler.c:BD)                                                                                               0.86561     141385     777655    0.00835    0.15384 
beast.base.inference.operator.UpDownOperator(relaxedUpDownOperator.c:BD)                                                         0.83811     629249    2127569    0.02505    0.22825 

     Tuning: The value of the operator's tuning parameter, or '-' if the operator can't be optimized.
    #accept: The total number of times a proposal by this operator has been accepted.
    #reject: The total number of times a proposal by this operator has been rejected.
      Pr(m): The probability this operator is chosen in a step of the MCMC (i.e. the normalized weight).
  Pr(acc|m): The acceptance probability (#accept as a fraction of the total proposals for this operator).

