
The following have been reloaded with a version change:
  1) compiler/GCCcore/10.3.0 => compiler/GCCcore/6.3.0
  2) lang/Java/11.0.2 => lang/Java/1.8.0_191
  3) numlib/beagle-lib/3.1.2-GCC-10.3.0 => numlib/beagle-lib/3.0.2-intel-2018.5.274
  4) tools/binutils/2.36.1-GCCcore-10.3.0 => tools/binutils/2.26-GCCcore-6.3.0

File: beast_oreophryne_senkenbergiana.xml seed: 1690313287553 threads: 1
Loading package ORC v1.1.1 Recombination v1.0.0 BEASTLabs v2.0.0 BDSKY v1.5.0 SSM v1.2.0 FastRelaxedClockLogNormal v1.2.0 BEAST.app v2.7.3 BEAST.base v2.7.3    
  Ignoring ambiguities in tree likelihood.
  Ignoring character uncertainty in tree likelihood.
  With 196 unique site patterns.
  Using rescaling scheme : dynamic
  Ignoring ambiguities in tree likelihood.
  Ignoring character uncertainty in tree likelihood.
  With 104 unique site patterns.
  Using rescaling scheme : dynamic
  Ignoring ambiguities in tree likelihood.
  Ignoring character uncertainty in tree likelihood.
  With 115 unique site patterns.
  Using rescaling scheme : dynamic
  Ignoring ambiguities in tree likelihood.
  Ignoring character uncertainty in tree likelihood.
  With 271 unique site patterns.
  Using rescaling scheme : dynamic
  Ignoring ambiguities in tree likelihood.
  Ignoring character uncertainty in tree likelihood.
  With 249 unique site patterns.
  Using rescaling scheme : dynamic
  Ignoring ambiguities in tree likelihood.
  Ignoring character uncertainty in tree likelihood.
  With 199 unique site patterns.
  Using rescaling scheme : dynamic
  Ignoring ambiguities in tree likelihood.
  Ignoring character uncertainty in tree likelihood.
  With 170 unique site patterns.
  Using rescaling scheme : dynamic
  Ignoring ambiguities in tree likelihood.
  Ignoring character uncertainty in tree likelihood.
  With 162 unique site patterns.
  Using rescaling scheme : dynamic
Warning: removing transform class beast.base.inference.operator.kernel.Transform$LogConstrainedSumTransform because it should have at least 2 dimensions but it has 0
Warning: removing transform class beast.base.inference.operator.kernel.Transform$LogConstrainedSumTransform because it should have at least 2 dimensions but it has 0
Warning: removing transform class beast.base.inference.operator.kernel.Transform$LogConstrainedSumTransform because it should have at least 2 dimensions but it has 0
Warning: removing transform class beast.base.inference.operator.kernel.Transform$LogConstrainedSumTransform because it should have at least 2 dimensions but it has 0
Warning: removing transform class beast.base.inference.operator.kernel.Transform$LogConstrainedSumTransform because it should have at least 2 dimensions but it has 0
Warning: removing transform class beast.base.inference.operator.kernel.Transform$LogConstrainedSumTransform because it should have at least 2 dimensions but it has 0
Warning: removing transform class beast.base.inference.operator.kernel.Transform$LogConstrainedSumTransform because it should have at least 2 dimensions but it has 0
Warning: removing transform class beast.base.inference.operator.kernel.Transform$LogConstrainedSumTransform because it should have at least 2 dimensions but it has 0
Operator                                                                                                                 Tuning    #accept    #reject      Pr(m)  Pr(acc|m)
AdaptableOperatorSampler(gammaShapeScaler.s:sia_pos1_bdnf_pos2_bdnf_pos3_nxc_pos1)                                            -       2654      39435    0.00042    0.06306 
beast.base.inference.operator.DeltaExchangeOperator(TVMefRateDeltaExchanger.s:sia_pos1_bdnf_pos2_bdnf_pos3_nxc_pos1)    0.66177      15623      68169    0.00084    0.18645 
AdaptableOperatorSampler(gammaShapeScaler.s:sia_pos2_nxc_pos2)                                                                -        361      41417    0.00042    0.00864 
beast.base.inference.operator.DeltaExchangeOperator(TPM2RateDeltaExchanger.s:sia_pos2_nxc_pos2)                         0.63522      17335      66143    0.00084    0.20766 
AdaptableOperatorSampler(kappa1Scaler.s:sia_pos3)                                                                             -      10905      31185    0.00042    0.25909 
AdaptableOperatorSampler(kappa2Scaler.s:sia_pos3)                                                                             -      11128      30547    0.00042    0.26702 
AdaptableOperatorSampler(gammaShapeScaler.s:sia_pos3)                                                                         -       9026      33056    0.00042    0.21449 
beast.base.inference.operator.DeltaExchangeOperator(K80RateDeltaExchanger.s:bdnf_pos1_nxc_pos3)                         0.18873      21502      62020    0.00084    0.25744 
AdaptableOperatorSampler(gammaShapeScaler.s:bdnf_pos1_nxc_pos3)                                                               -       7660      34035    0.00042    0.18372 
AdaptableOperatorSampler(RateACScaler.s:cyb_pos1_nd4_pos1)                                                                    -      10996      30444    0.00042    0.26535 
AdaptableOperatorSampler(RateAGScaler.s:cyb_pos1_nd4_pos1)                                                                    -      11298      30754    0.00042    0.26867 
AdaptableOperatorSampler(RateATScaler.s:cyb_pos1_nd4_pos1)                                                                    -      12092      30020    0.00042    0.28714 
AdaptableOperatorSampler(RateCGScaler.s:cyb_pos1_nd4_pos1)                                                                    -      12344      29446    0.00042    0.29538 
AdaptableOperatorSampler(RateGTScaler.s:cyb_pos1_nd4_pos1)                                                                    -      11712      30404    0.00042    0.27809 
AdaptableOperatorSampler(gammaShapeScaler.s:cyb_pos1_nd4_pos1)                                                                -      10445      31563    0.00042    0.24864 
AdaptableOperatorSampler(gammaShapeScaler.s:cyb_pos2_nd4_pos2)                                                                -       8852      32782    0.00042    0.21261 
AdaptableOperatorSampler(RateACScaler.s:cyb_pos2_nd4_pos2)                                                                    -      12002      30008    0.00042    0.28569 
AdaptableOperatorSampler(RateAGScaler.s:cyb_pos2_nd4_pos2)                                                                    -      12005      29337    0.00042    0.29038 
AdaptableOperatorSampler(RateATScaler.s:cyb_pos2_nd4_pos2)                                                                    -      12187      29383    0.00042    0.29317 
AdaptableOperatorSampler(RateCGScaler.s:cyb_pos2_nd4_pos2)                                                                    -      12606      29230    0.00042    0.30132 
AdaptableOperatorSampler(RateGTScaler.s:cyb_pos2_nd4_pos2)                                                                    -      12666      29341    0.00042    0.30152 
beast.base.inference.operator.DeltaExchangeOperator(TIM2ufRateDeltaExchanger.s:cyb_pos3)                                0.17124      10368      73113    0.00084    0.12420 
beast.base.inference.operator.DeltaExchangeOperator(TIM2ufFrequenciesExchanger.s:cyb_pos3)                              0.02316      19340      63850    0.00084    0.23248 
AdaptableOperatorSampler(gammaShapeScaler.s:cyb_pos3)                                                                         -      12108      29571    0.00042    0.29051 
AdaptableOperatorSampler(kappa1Scaler.s:nd4_pos3)                                                                             -      11412      30564    0.00042    0.27187 
AdaptableOperatorSampler(kappa2Scaler.s:nd4_pos3)                                                                             -      10820      31028    0.00042    0.25855 
AdaptableOperatorSampler(gammaShapeScaler.s:nd4_pos3)                                                                         -      11444      30126    0.00042    0.27529 
ScaleOperator(ucldStdevScaler.c:BD)                                                                                     0.83065     448791    2059993    0.02508    0.17889 
beast.base.inference.operator.IntRandomWalkOperator(CategoriesRandomWalk.c:BD)                                                -    5503769    2861951    0.08361    0.65790 
beast.base.inference.operator.SwapOperator(CategoriesSwapOperator.c:BD)                                                       -    2656829    5698553    0.08361    0.31798 
beast.base.inference.operator.UniformOperator(CategoriesUniform.c:BD)                                                         -    3770052    4595013    0.08361    0.45069 
EpochFlexOperator(BirthDeathBICEPSEpochTop.t:iqtree)                                                                    0.05897     623035    1048816    0.01672    0.37266 
EpochFlexOperator(BirthDeathBICEPSEpochAll.t:iqtree)                                                                    0.05864     627734    1043931    0.01672    0.37551 
TreeStretchOperator(BirthDeathBICEPSTreeFlex.t:iqtree)                                                                  0.02401     671820     999802    0.01672    0.40190 Try setting scale factor to about 0.024
kernel.BactrianScaleOperator(BirthDeathTreeRootScaler.t:iqtree)                                                         0.08304     693729    1817106    0.02508    0.27629 
kernel.BactrianNodeOperator(BirthDeathUniformOperator.t:iqtree)                                                         0.94567    7639579   17444295    0.25084    0.30456 
kernel.BactrianSubtreeSlide(BirthDeathSubtreeSlide.t:iqtree)                                                            0.92577    2527811   10014383    0.12542    0.20154 
Exchange(BirthDeathNarrow.t:iqtree)                                                                                           -     840630   11699739    0.12542    0.06703 
Exchange(BirthDeathWide.t:iqtree)                                                                                             -        552    2506443    0.02508    0.00022 
WilsonBalding(BirthDeathWilsonBalding.t:iqtree)                                                                               -       1925    2505657    0.02508    0.00077 
kernel.BactrianScaleOperator(BirthRateScaler.t:iqtree)                                                                  0.15477     736890    1769499    0.02508    0.29400 
kernel.BactrianScaleOperator(DeathRateScaler.t:iqtree)                                                                  2.34963     674596    1833172    0.02508    0.26900 
ScaleOperator(ucldMeanScaler.c:BD)                                                                                      0.85660     123236     713204    0.00836    0.14733 
beast.base.inference.operator.UpDownOperator(relaxedUpDownOperator.c:BD)                                                0.82855     528771    1980833    0.02508    0.21070 

     Tuning: The value of the operator's tuning parameter, or '-' if the operator can't be optimized.
    #accept: The total number of times a proposal by this operator has been accepted.
    #reject: The total number of times a proposal by this operator has been rejected.
      Pr(m): The probability this operator is chosen in a step of the MCMC (i.e. the normalized weight).
  Pr(acc|m): The acceptance probability (#accept as a fraction of the total proposals for this operator).

