File: oreophryne_senkenbergiana.xml seed: 1691458354501 threads: 1
Loading package FastRelaxedClockLogNormal v1.2.0 contacTrees v1.2.0 snapper v1.1.3 PoMo v1.1.1 EpiInf v8.0.0 MASTER v7.0.0 lphybeast v1.0.2 SSM v1.2.0 STACEY v1.3.1 MM v1.2.1 SNAPP v1.6.1 MODEL_SELECTION v1.6.1 BDSKY v1.5.0 ORC v1.1.2 BICEPS v1.1.1 BEASTLabs v2.0.1 SCOTTI v3.0.0 BEAST.base v2.7.5 phylodynamics v1.4.0 Babel v0.4.2 BDMM v2.0.0 starbeast3 v1.1.7 BEASTvntr v0.2.0 phylonco v1.0.1 BADTRIP v2.0.0 timtam v0.4.0 PIQMEE v1.1.0 bacter v3.0.1 speedemon v1.1.0 Recombination v1.0.1 BREAK_AWAY v1.2.0 GEO_SPHERE v1.4.1 bModelTest v1.3.3 BEAST.app v2.7.5 ClaDS v2.0.3 DENIM v1.1.1 Mascot v3.0.0 feast v9.4.0 BEAST_CLASSIC v1.6.2 CA v2.1.0 CodonSubstModels v2.0.0 NS v1.2.1 MSBD v2.0.2 PhyDyn v1.4.0 CoupledMCMC v1.2.1 MGSM v0.4.0 BASTA v4.0.0 OBAMA v1.1.1 CoalRe v1.0.3 SA v2.1.1 bdtree v0.0.1 contraband v1.0.1 TreeStat2 v0.1.1 starbeast2 v1.0.0 LPhyBeastExt v0.2.1 MultiTypeTree v8.0.0 SpeciesNetwork v1.0.0    
  Ignoring ambiguities in tree likelihood.
  Ignoring character uncertainty in tree likelihood.
  With 227 unique site patterns.
  Using rescaling scheme : dynamic
  Ignoring ambiguities in tree likelihood.
  Ignoring character uncertainty in tree likelihood.
  With 115 unique site patterns.
  Using rescaling scheme : dynamic
  Ignoring ambiguities in tree likelihood.
  Ignoring character uncertainty in tree likelihood.
  With 271 unique site patterns.
  Using rescaling scheme : dynamic
  Ignoring ambiguities in tree likelihood.
  Ignoring character uncertainty in tree likelihood.
  With 58 unique site patterns.
  Using rescaling scheme : dynamic
  Ignoring ambiguities in tree likelihood.
  Ignoring character uncertainty in tree likelihood.
  With 249 unique site patterns.
  Using rescaling scheme : dynamic
  Ignoring ambiguities in tree likelihood.
  Ignoring character uncertainty in tree likelihood.
  With 199 unique site patterns.
  Using rescaling scheme : dynamic
  Ignoring ambiguities in tree likelihood.
  Ignoring character uncertainty in tree likelihood.
  With 170 unique site patterns.
  Using rescaling scheme : dynamic
  Ignoring ambiguities in tree likelihood.
  Ignoring character uncertainty in tree likelihood.
  With 162 unique site patterns.
  Using rescaling scheme : dynamic
Warning: removing transform class beast.base.inference.operator.kernel.Transform$LogConstrainedSumTransform because it should have at least 2 dimensions but it has 0
Warning: removing transform class beast.base.inference.operator.kernel.Transform$LogConstrainedSumTransform because it should have at least 2 dimensions but it has 0
Warning: removing transform class beast.base.inference.operator.kernel.Transform$LogConstrainedSumTransform because it should have at least 2 dimensions but it has 0
Warning: removing transform class beast.base.inference.operator.kernel.Transform$LogConstrainedSumTransform because it should have at least 2 dimensions but it has 0
Warning: removing transform class beast.base.inference.operator.kernel.Transform$LogConstrainedSumTransform because it should have at least 2 dimensions but it has 0
Warning: removing transform class beast.base.inference.operator.kernel.Transform$LogConstrainedSumTransform because it should have at least 2 dimensions but it has 0
Warning: removing transform class beast.base.inference.operator.kernel.Transform$LogConstrainedSumTransform because it should have at least 2 dimensions but it has 0
Warning: removing transform class beast.base.inference.operator.kernel.Transform$LogConstrainedSumTransform because it should have at least 2 dimensions but it has 0
Operator                                                                                                                          Tuning    #accept    #reject      Pr(m)  Pr(acc|m)
ScaleOperator(ucldStdevScaler.c:BD)                                                                                              0.82813     497461    2259762    0.02505    0.18042 
beast.base.inference.operator.IntRandomWalkOperator(CategoriesRandomWalk.c:BD)                                                         -    6043615    3139942    0.08351    0.65809 
beast.base.inference.operator.SwapOperator(CategoriesSwapOperator.c:BD)                                                                -    2978861    6205733    0.08351    0.32433 
beast.base.inference.operator.UniformOperator(CategoriesUniform.c:BD)                                                                  -    4196656    4989338    0.08351    0.45685 
EpochFlexOperator(BirthDeathBICEPSEpochTop.t:senkenbergiana)                                                                     0.05820     692837    1144166    0.01670    0.37716 
EpochFlexOperator(BirthDeathBICEPSEpochAll.t:senkenbergiana)                                                                     0.05873     685776    1150503    0.01670    0.37346 
TreeStretchOperator(BirthDeathBICEPSTreeFlex.t:senkenbergiana)                                                                   0.02320     747531    1091015    0.01670    0.40659 Try setting scale factor to about 0.024
kernel.BactrianScaleOperator(BirthDeathTreeRootScaler.t:senkenbergiana)                                                          0.08443     757927    1995482    0.02505    0.27527 
kernel.BactrianNodeOperator(BirthDeathUniformOperator.t:senkenbergiana)                                                          0.94901    8369977   19191099    0.25052    0.30369 
kernel.BactrianSubtreeSlide(BirthDeathSubtreeSlide.t:senkenbergiana)                                                             0.78534    3173145   10603714    0.12526    0.23032 
Exchange(BirthDeathNarrow.t:senkenbergiana)                                                                                            -     938988   12836368    0.12526    0.06816 
Exchange(BirthDeathWide.t:senkenbergiana)                                                                                              -        625    2757034    0.02505    0.00023 
WilsonBalding(BirthDeathWilsonBalding.t:senkenbergiana)                                                                                -       1997    2751883    0.02505    0.00073 
kernel.BactrianScaleOperator(BirthRateScaler.t:senkenbergiana)                                                                   0.15609     812323    1944552    0.02505    0.29465 
kernel.BactrianScaleOperator(DeathRateScaler.t:senkenbergiana)                                                                   2.37797     705838    2050379    0.02505    0.25609 
beast.base.inference.operator.DeltaExchangeOperator(TVMefRateDeltaExchanger.s:sia_pos1_sia_pos2_bdnf_pos2_bdnf_pos3_nxc_pos1)    0.64868      17508      74369    0.00084    0.19056 
AdaptableOperatorSampler(gammaShapeScaler.s:sia_pos1_sia_pos2_bdnf_pos2_bdnf_pos3_nxc_pos1)                                            -       4181      42074    0.00042    0.09039 
AdaptableOperatorSampler(kappa1Scaler.s:sia_pos3)                                                                                      -      12567      32881    0.00042    0.27651 
AdaptableOperatorSampler(kappa2Scaler.s:sia_pos3)                                                                                      -      12985      33197    0.00042    0.28117 
AdaptableOperatorSampler(gammaShapeScaler.s:sia_pos3)                                                                                  -       9732      36288    0.00042    0.21147 
AdaptableOperatorSampler(gammaShapeScaler.s:bdnf_pos1_nxc_pos3)                                                                        -       6197      39771    0.00042    0.13481 
AdaptableOperatorSampler(kappa1Scaler.s:bdnf_pos1_nxc_pos3)                                                                            -      11202      34656    0.00042    0.24428 
AdaptableOperatorSampler(kappa2Scaler.s:bdnf_pos1_nxc_pos3)                                                                            -      11780      34226    0.00042    0.25605 
AdaptableOperatorSampler(RateACScaler.s:nxc_pos2)                                                                                      -      13540      32306    0.00042    0.29534 
AdaptableOperatorSampler(RateAGScaler.s:nxc_pos2)                                                                                      -      12376      33095    0.00042    0.27217 
AdaptableOperatorSampler(RateATScaler.s:nxc_pos2)                                                                                      -      13438      32806    0.00042    0.29059 
AdaptableOperatorSampler(RateCGScaler.s:nxc_pos2)                                                                                      -      13361      32286    0.00042    0.29270 
AdaptableOperatorSampler(RateGTScaler.s:nxc_pos2)                                                                                      -      25770      20646    0.00042    0.55520 
AdaptableOperatorSampler(gammaShapeScaler.s:nxc_pos2)                                                                                  -       1659      44632    0.00042    0.03584 
AdaptableOperatorSampler(RateACScaler.s:cyb_pos1_nd4_pos1)                                                                             -      11787      33749    0.00042    0.25885 
AdaptableOperatorSampler(RateAGScaler.s:cyb_pos1_nd4_pos1)                                                                             -      11528      35035    0.00042    0.24758 
AdaptableOperatorSampler(RateATScaler.s:cyb_pos1_nd4_pos1)                                                                             -      12506      33667    0.00042    0.27085 
AdaptableOperatorSampler(RateCGScaler.s:cyb_pos1_nd4_pos1)                                                                             -      12987      32821    0.00042    0.28351 
AdaptableOperatorSampler(RateGTScaler.s:cyb_pos1_nd4_pos1)                                                                             -      12935      33189    0.00042    0.28044 
AdaptableOperatorSampler(gammaShapeScaler.s:cyb_pos1_nd4_pos1)                                                                         -      10156      35638    0.00042    0.22178 
AdaptableOperatorSampler(RateACScaler.s:cyb_pos2_nd4_pos2)                                                                             -      13567      32210    0.00042    0.29637 
AdaptableOperatorSampler(RateAGScaler.s:cyb_pos2_nd4_pos2)                                                                             -      13599      32235    0.00042    0.29670 
AdaptableOperatorSampler(RateATScaler.s:cyb_pos2_nd4_pos2)                                                                             -      13102      32800    0.00042    0.28543 
AdaptableOperatorSampler(RateCGScaler.s:cyb_pos2_nd4_pos2)                                                                             -      12983      32931    0.00042    0.28277 
AdaptableOperatorSampler(RateGTScaler.s:cyb_pos2_nd4_pos2)                                                                             -      13910      32016    0.00042    0.30288 
AdaptableOperatorSampler(gammaShapeScaler.s:cyb_pos2_nd4_pos2)                                                                         -       9092      36912    0.00042    0.19763 
beast.base.inference.operator.DeltaExchangeOperator(TIM2ufRateDeltaExchanger.s:cyb_pos3)                                         0.16614      12887      79142    0.00084    0.14003 
beast.base.inference.operator.DeltaExchangeOperator(TIM2ufFrequenciesExchanger.s:cyb_pos3)                                       0.02719      18459      73520    0.00084    0.20069 
AdaptableOperatorSampler(gammaShapeScaler.s:cyb_pos3)                                                                                  -      13441      32812    0.00042    0.29060 
AdaptableOperatorSampler(kappa1Scaler.s:nd4_pos3)                                                                                      -      12251      33643    0.00042    0.26694 
AdaptableOperatorSampler(kappa2Scaler.s:nd4_pos3)                                                                                      -      10489      35386    0.00042    0.22864 
AdaptableOperatorSampler(gammaShapeScaler.s:nd4_pos3)                                                                                  -      12723      33444    0.00042    0.27559 
ScaleOperator(ucldMeanScaler.c:BD)                                                                                               0.87140     148470     769592    0.00835    0.16172 
beast.base.inference.operator.UpDownOperator(relaxedUpDownOperator.c:BD)                                                         0.83743     626495    2131837    0.02505    0.22713 

     Tuning: The value of the operator's tuning parameter, or '-' if the operator can't be optimized.
    #accept: The total number of times a proposal by this operator has been accepted.
    #reject: The total number of times a proposal by this operator has been rejected.
      Pr(m): The probability this operator is chosen in a step of the MCMC (i.e. the normalized weight).
  Pr(acc|m): The acceptance probability (#accept as a fraction of the total proposals for this operator).

